 ==================================================================================
| NEP, GEP, R from db on Annex001; NEP_new, GEP_new, R_new generated locally
| **** all values in g C m^-2 y^-1, non-ebc corrected, non-NaN totals ****
| Local db path is D:\clean_db_backups\20091011\database\
==================================================================================
   BS
      Year    NEP    GEP      R    NaNs   NEP_new   GEP_new  R_new  NaNs NEPdiff
----------------------------------------------------------------------------------
      2008    104    891    787       0       104       891    787     0       0
      2007     50    835    785       0        50       835    785     0       0
      2006     70    811    741       0        70       811    741     0       0
      2005     45    820    775       0        45       820    775     0       0
      2004     37    693    656       0        37       693    656     0      -0
      2003     75    767    692       0        75       767    692     0       0
      2002     31    711    680       0        31       711    680     0       0
      2001     82    806    725       0        82       806    725     0       0
      2000     56    820    764       0        56       820    764     0       0
      1999     38    787    764     910        41       775    749   910      -3
==================================================================================
   PA
      Year    NEP    GEP      R    NaNs   NEP_new   GEP_new  R_new  NaNs NEPdiff
----------------------------------------------------------------------------------
      2008    198   1142    944       9       198      1142    944     9       0
      2007     68   1044    977     160        68      1044    977   160       0
      2006    282   1306   1024      32       282      1306   1024    32      -0
      2005    122   1046    924       7       122      1046    924     7      -0
      2004     17    858    842       0        17       858    842     0      -0
      2003     94    917    823       0        94       917    824     0       0
      2002    125    891    766       0       125       891    766     0       0
      2001    325   1217    892       0       325      1217    892     0       0
      2000    142   1088    946       0       142      1088    946     0       0
==================================================================================
HJP02
      Year    NEP    GEP      R    NaNs   NEP_new   GEP_new  R_new  NaNs NEPdiff
----------------------------------------------------------------------------------
      2008    Inf    Inf    Inf    2844       Inf       Inf    Inf  2844     NaN
      2007   -150    302    452       2      -150       302    452     2       0
      2006   -171    286    458       0      -171       286    458     0       0
      2005   -117    124    241      15      -117       124    241    15       0
      2004   -157     82    239       0      -157        87    244     0       0
      2003    -28     -0     92    6043       -24        -0     66  6043      -4
==================================================================================
   CR
      Year    NEP    GEP      R    NaNs   NEP_new   GEP_new  R_new  NaNs NEPdiff
----------------------------------------------------------------------------------
      2008    531   2112   1581       2       531      2112   1581     2       0
      2007    552   2095   1543       2       552      2095   1543     2       0
      2006    386   2112   1727       2       386      2112   1727     2       0
      2005    355   2310   1955       2       355      2310   1955     2       0
      2004    267   2338   2071       2       267      2338   2071     2       0
      2003    353   2078   1725       2       353      2078   1725     2       0
      2002    277   1952   1676       3       277      1952   1676     3       0
      2001    410   2077   1667       2       410      2077   1667     2       0
      2000    400   2091   1693      48       400      2091   1693    48       0
      1999    382   2024   1642       2       382      2024   1642     2       0
==================================================================================
   YF
      Year    NEP    GEP      R    NaNs   NEP_new   GEP_new  R_new  NaNs NEPdiff
----------------------------------------------------------------------------------
      2008    213   1681   1469       2       213      1681   1469     2       0
      2007    137   1851   1714       2       137      1851   1714     2       0
      2006     15   1490   1475       2        15      1490   1475     2       0
      2005     20   1694   1674       2        20      1694   1674     2       0
      2004   -132   1457   1589       2      -132      1457   1589     2       0
      2003   -100   1206   1306      28      -100      1206   1306    28       0
      2002   -121   1271   1393      25      -121      1271   1393    25      -0
      2001   -137    193    336   12391      -137       193    336 12391       0
==================================================================================
   OY
      Year    NEP    GEP      R    NaNs   NEP_new   GEP_new  R_new  NaNs NEPdiff
----------------------------------------------------------------------------------
      2008   -392   1037   1429       8      -392      1037   1429     8       0
      2007   -440   1126   1566      36      -440      1126   1566    36      -0
      2006   -418    783   1204      60      -418       783   1204    60       0
      2005   -421   1111   1533      16      -421      1111   1533    16      -0
      2004   -593    859   1452       2      -593       859   1452     2       0
      2003   -580    622   1202       2      -580       622   1202     2       0
      2002   -565    528   1098     338      -565       528   1098   338       0
      2001   -534    162    698      70      -534       162    698    70       0
      2000   -179     -7    172   12384      -179        -7    172 12384       0
==================================================================================
